<?xml version="1.0" encoding="UTF-8"?>
<testsuite xmlns:xsi="http://www.w3.org/2001/XMLSchema-instance" xsi:noNamespaceSchemaLocation="https://maven.apache.org/surefire/maven-surefire-plugin/xsd/surefire-test-report-3.0.xsd" version="3.0" name="com.lamine.first_project.FirstProjectApplicationTests" time="5.757" tests="1" errors="0" skipped="0" failures="0">
  <properties>
[...]
</properties>
  <testcase name="contextLoads" classname="com.lamine.first_project.FirstProjectApplicationTests" time="0.672">
    <system-out><![CDATA[09:24:14.415 [main] INFO org.springframework.test.context.support.AnnotationConfigContextLoaderUtils -- Could not detect default configuration classes for test class [com.lamine.first_project.FirstProjectApplicationTests]: FirstProjectApplicationTests does not declare any static, non-private, non-final, nested classes annotated with @Configuration.
09:24:14.574 [main] INFO org.springframework.boot.test.context.SpringBootTestContextBootstrapper -- Found @SpringBootConfiguration com.lamine.first_project.FirstProjectApplication for test class com.lamine.first_project.FirstProjectApplicationTests

  .   ____          _            __ _ _
 /\\ / ___'_ __ _ _(_)_ __  __ _ \ \ \ \
( ( )\___ | '_ | '_| | '_ \/ _` | \ \ \ \
 \\/  ___)| |_)| | | | | || (_| |  ) ) ) )
  '  |____| .__|_| |_|_| |_\__, | / / / /
 =========|_|==============|___/=/_/_/_/
 :: Spring Boot ::                (v3.1.2)

2023-09-06T09:24:15.059+01:00  INFO 14500 --- [           main] c.l.f.FirstProjectApplicationTests       : Starting FirstProjectApplicationTests using Java 18.0.2 with PID 14500 (started by laouf in C:\Users\laouf\IdeaProjects\first_project)
2023-09-06T09:24:15.061+01:00  INFO 14500 --- [           main] c.l.f.FirstProjectApplicationTests       : No active profile set, falling back to 1 default profile: "default"
2023-09-06T09:24:15.904+01:00  INFO 14500 --- [           main] .s.d.r.c.RepositoryConfigurationDelegate : Bootstrapping Spring Data JPA repositories in DEFAULT mode.
2023-09-06T09:24:15.988+01:00  INFO 14500 --- [           main] .s.d.r.c.RepositoryConfigurationDelegate : Finished Spring Data repository scanning in 74 ms. Found 1 JPA repository interfaces.
2023-09-06T09:24:16.478+01:00  INFO 14500 --- [           main] com.zaxxer.hikari.HikariDataSource       : HikariPool-1 - Starting...
2023-09-06T09:24:16.732+01:00  INFO 14500 --- [           main] com.zaxxer.hikari.pool.HikariPool        : HikariPool-1 - Added connection conn0: url=jdbc:h2:mem:first_projectdb user=SA
2023-09-06T09:24:16.735+01:00  INFO 14500 --- [           main] com.zaxxer.hikari.HikariDataSource       : HikariPool-1 - Start completed.
2023-09-06T09:24:16.823+01:00  INFO 14500 --- [           main] o.hibernate.jpa.internal.util.LogHelper  : HHH000204: Processing PersistenceUnitInfo [name: default]
2023-09-06T09:24:16.888+01:00  INFO 14500 --- [           main] org.hibernate.Version                    : HHH000412: Hibernate ORM core version 6.2.6.Final
2023-09-06T09:24:16.891+01:00  INFO 14500 --- [           main] org.hibernate.cfg.Environment            : HHH000406: Using bytecode reflection optimizer
2023-09-06T09:24:17.114+01:00  INFO 14500 --- [           main] o.h.b.i.BytecodeProviderInitiator        : HHH000021: Bytecode provider name : bytebuddy
2023-09-06T09:24:17.313+01:00  INFO 14500 --- [           main] o.s.o.j.p.SpringPersistenceUnitInfo      : No LoadTimeWeaver setup: ignoring JPA class transformer
2023-09-06T09:24:17.585+01:00  INFO 14500 --- [           main] o.h.b.i.BytecodeProviderInitiator        : HHH000021: Bytecode provider name : bytebuddy
2023-09-06T09:24:18.256+01:00  INFO 14500 --- [           main] o.h.e.t.j.p.i.JtaPlatformInitiator       : HHH000490: Using JtaPlatform implementation: [org.hibernate.engine.transaction.jta.platform.internal.NoJtaPlatform]
2023-09-06T09:24:18.296+01:00  INFO 14500 --- [           main] j.LocalContainerEntityManagerFactoryBean : Initialized JPA EntityManagerFactory for persistence unit 'default'
2023-09-06T09:24:18.785+01:00  WARN 14500 --- [           main] JpaBaseConfiguration$JpaWebConfiguration : spring.jpa.open-in-view is enabled by default. Therefore, database queries may be performed during view rendering. Explicitly configure spring.jpa.open-in-view to disable this warning
2023-09-06T09:24:19.176+01:00  INFO 14500 --- [           main] o.s.b.a.h2.H2ConsoleAutoConfiguration    : H2 console available at '/h2-console'. Database available at 'jdbc:h2:mem:first_projectdb'
2023-09-06T09:24:19.247+01:00  INFO 14500 --- [           main] c.l.f.FirstProjectApplicationTests       : Started FirstProjectApplicationTests in 4.509 seconds (process running for 5.72)
]]></system-out>
  </testcase>
</testsuite>